Virtual User Script started at: 20-04-2023 16:29:20	[MsgId: MMSG-15967]
Starting action vuser_init.	[MsgId: MMSG-15919]
Web Turbo Replay of LoadRunner 2023.0.0 for Windows 10; build 506 (Mar 08 2023 13:11:40)  	[MsgId: MMSG-26983]
Run mode: HTML  	[MsgId: MMSG-26993]
Replay user agent: Mozilla/5.0 (Windows NT 10.0; Win64; x64) AppleWebKit/537.36 (KHTML, like Gecko) Chrome/109.0.0.0 Safari/537.36  	[MsgId: MMSG-26988]
Runtime Settings file: "C:\Users\Dell\AppData\Local\Temp\lr5tmpdirgDI.210\lrcfgxrn.211\cfgwM1.216"  	[MsgId: MMSG-27141]
Vuser directory: "D:\LRJmeterScriptNew\LRFilesPass\JPetstore\LR_JPetstore_Fiddler_Sucess"  	[MsgId: MMSG-27052]
Vuser output directory: "D:\LRJmeterScriptNew\LRFilesPass\JPetstore\LR_JPetstore_Fiddler_Sucess"  	[MsgId: MMSG-27050]
Operating system's current working directory: "D:\LRJmeterScriptNew\LRFilesPass\JPetstore\LR_JPetstore_Fiddler_Sucess"  	[MsgId: MMSG-27048]
UTC (GMT) start date/time   : 2023-04-20 10:59:20  	[MsgId: MMSG-26992]
LOCAL start date/time       : 2023-04-20 16:29:20  	[MsgId: MMSG-26991]
Virtual User Script started at: 20-04-2023 16:29:20	[MsgId: MMSG-15967]
Local daylight-Savings-Time : No  	[MsgId: MMSG-26990]
Some of the Runtime Settings:  	[MsgId: MMSG-27142]
    Download non-HTML resources: Yes  	[MsgId: MMSG-27018]
    Verification checks: No  	[MsgId: MMSG-27017]
    Convert from/to UTF-8: No  	[MsgId: MMSG-27016]
    Simulate a new user each iteration: Yes  	[MsgId: MMSG-27009]
    Non-critical item errors as warnings: Yes  	[MsgId: MMSG-27008]
    HTTP errors as warnings: No  	[MsgId: MMSG-27007]
Starting action vuser_init.	[MsgId: MMSG-15919]
    WinInet replay instead of Sockets: No  	[MsgId: MMSG-27006]
    HTTP version: 1.1  	[MsgId: MMSG-27005]
Web Turbo Replay of LoadRunner 2023.0.0 for Windows 10; build 506 (Mar 08 2023 13:11:40)  	[MsgId: MMSG-26983]
    Keep-Alive HTTP connections: Yes  	[MsgId: MMSG-27004]
Run mode: HTML  	[MsgId: MMSG-26993]
    Max self Meta refresh updates: 2  	[MsgId: MMSG-27003]
Replay user agent: Mozilla/5.0 (Windows NT 10.0; Win64; x64) AppleWebKit/537.36 (KHTML, like Gecko) Chrome/109.0.0.0 Safari/537.36  	[MsgId: MMSG-26988]
    No proxy is used (direct connection to the Internet)  	[MsgId: MMSG-27171]
    DNS caching: Yes  	[MsgId: MMSG-27035]
    Simulate browser cache: Yes  	[MsgId: MMSG-27034]
        Cache URLs requiring content (e.g., HTMLs): Yes  	[MsgId: MMSG-27033]
            Additional URLs requiring content: None  	[MsgId: MMSG-27032]
        Check for newer versions every visit to the page: No  	[MsgId: MMSG-27031]
    Page download timeout (sec): 120  	[MsgId: MMSG-27030]
    Resource Page Timeout is a Warning: No  	[MsgId: MMSG-27029]
    ContentCheck enabled: Yes  	[MsgId: MMSG-27028]
    ContentCheck script-level file: "C:\Users\Dell\AppData\Local\Temp\lr5tmpdirgDI.210\lrcfgxrn.211\LrwiAedScript.xml"  	[MsgId: MMSG-27027]
Runtime Settings file: "C:\Users\Dell\AppData\Local\Temp\lr5tmpdirgDI.210\lrcfgxrn.211\cfgwM1.216"  	[MsgId: MMSG-27141]
Vuser directory: "D:\LRJmeterScriptNew\LRFilesPass\JPetstore\LR_JPetstore_Fiddler_Sucess"  	[MsgId: MMSG-27052]
    Enable Web Page Breakdown: Yes  	[MsgId: MMSG-27026]
    Enable connection data points: Yes  	[MsgId: MMSG-27023]
Vuser output directory: "D:\LRJmeterScriptNew\LRFilesPass\JPetstore\LR_JPetstore_Fiddler_Sucess"  	[MsgId: MMSG-27050]
    Process socket after reschedule: Yes  	[MsgId: MMSG-27022]
    Snapshot on error: No  	[MsgId: MMSG-27021]
    Define each step as a transaction: No  	[MsgId: MMSG-27020]
    Read beyond Content-Length: No  	[MsgId: MMSG-26994]
    Parse HTML Content-Type: TEXT  	[MsgId: MMSG-26999]
    Graph hits per second and HTTP status codes: Yes  	[MsgId: MMSG-26998]
    Graph response bytes per second: Yes  	[MsgId: MMSG-26997]
    Graph pages per second: No  	[MsgId: MMSG-26996]
    Web recorder version ID: 10  	[MsgId: MMSG-26995]
Operating system's current working directory: "D:\LRJmeterScriptNew\LRFilesPass\JPetstore\LR_JPetstore_Fiddler_Sucess"  	[MsgId: MMSG-27048]
UTC (GMT) start date/time   : 2023-04-20 10:59:20  	[MsgId: MMSG-26992]
LOCAL start date/time       : 2023-04-20 16:29:20  	[MsgId: MMSG-26991]
Local daylight-Savings-Time : No  	[MsgId: MMSG-26990]
Some of the Runtime Settings:  	[MsgId: MMSG-27142]
Ending action vuser_init.	[MsgId: MMSG-15918]
    Download non-HTML resources: Yes  	[MsgId: MMSG-27018]
Running Vuser...	[MsgId: MMSG-15964]
    Verification checks: No  	[MsgId: MMSG-27017]
    Convert from/to UTF-8: No  	[MsgId: MMSG-27016]
    Simulate a new user each iteration: Yes  	[MsgId: MMSG-27009]
    Non-critical item errors as warnings: Yes  	[MsgId: MMSG-27008]
    HTTP errors as warnings: No  	[MsgId: MMSG-27007]
    WinInet replay instead of Sockets: No  	[MsgId: MMSG-27006]
    HTTP version: 1.1  	[MsgId: MMSG-27005]
    Keep-Alive HTTP connections: Yes  	[MsgId: MMSG-27004]
    Max self Meta refresh updates: 2  	[MsgId: MMSG-27003]
    No proxy is used (direct connection to the Internet)  	[MsgId: MMSG-27171]
    DNS caching: Yes  	[MsgId: MMSG-27035]
    Simulate browser cache: Yes  	[MsgId: MMSG-27034]
        Cache URLs requiring content (e.g., HTMLs): Yes  	[MsgId: MMSG-27033]
            Additional URLs requiring content: None  	[MsgId: MMSG-27032]
        Check for newer versions every visit to the page: No  	[MsgId: MMSG-27031]
    Page download timeout (sec): 120  	[MsgId: MMSG-27030]
    Resource Page Timeout is a Warning: No  	[MsgId: MMSG-27029]
    ContentCheck enabled: Yes  	[MsgId: MMSG-27028]
    ContentCheck script-level file: "C:\Users\Dell\AppData\Local\Temp\lr5tmpdirgDI.210\lrcfgxrn.211\LrwiAedScript.xml"  	[MsgId: MMSG-27027]
    Enable Web Page Breakdown: No  	[MsgId: MMSG-27026]
    Enable connection data points: Yes  	[MsgId: MMSG-27023]
    Process socket after reschedule: Yes  	[MsgId: MMSG-27022]
    Snapshot on error: No  	[MsgId: MMSG-27021]
    Define each step as a transaction: No  	[MsgId: MMSG-27020]
    Read beyond Content-Length: No  	[MsgId: MMSG-26994]
    Parse HTML Content-Type: TEXT  	[MsgId: MMSG-26999]
    Graph hits per second and HTTP status codes: Yes  	[MsgId: MMSG-26998]
    Graph response bytes per second: Yes  	[MsgId: MMSG-26997]
    Graph pages per second: No  	[MsgId: MMSG-26996]
    Web recorder version ID: 10  	[MsgId: MMSG-26995]
Ending action vuser_init.	[MsgId: MMSG-15918]
Running Vuser...	[MsgId: MMSG-15964]
Virtual User Script started at: 20-04-2023 16:29:24	[MsgId: MMSG-15967]
Starting action vuser_init.	[MsgId: MMSG-15919]
Web Turbo Replay of LoadRunner 2023.0.0 for Windows 10; build 506 (Mar 08 2023 13:11:40)  	[MsgId: MMSG-26983]
Run mode: HTML  	[MsgId: MMSG-26993]
Replay user agent: Mozilla/5.0 (Windows NT 10.0; Win64; x64) AppleWebKit/537.36 (KHTML, like Gecko) Chrome/109.0.0.0 Safari/537.36  	[MsgId: MMSG-26988]
Runtime Settings file: "C:\Users\Dell\AppData\Local\Temp\lr5tmpdirgDI.210\lrcfgxrn.211\cfgwM1.216"  	[MsgId: MMSG-27141]
Vuser directory: "D:\LRJmeterScriptNew\LRFilesPass\JPetstore\LR_JPetstore_Fiddler_Sucess"  	[MsgId: MMSG-27052]
Vuser output directory: "D:\LRJmeterScriptNew\LRFilesPass\JPetstore\LR_JPetstore_Fiddler_Sucess"  	[MsgId: MMSG-27050]
Operating system's current working directory: "D:\LRJmeterScriptNew\LRFilesPass\JPetstore\LR_JPetstore_Fiddler_Sucess"  	[MsgId: MMSG-27048]
UTC (GMT) start date/time   : 2023-04-20 10:59:24  	[MsgId: MMSG-26992]
LOCAL start date/time       : 2023-04-20 16:29:24  	[MsgId: MMSG-26991]
Virtual User Script started at: 20-04-2023 16:29:24	[MsgId: MMSG-15967]
Local daylight-Savings-Time : No  	[MsgId: MMSG-26990]
Some of the Runtime Settings:  	[MsgId: MMSG-27142]
    Download non-HTML resources: Yes  	[MsgId: MMSG-27018]
    Verification checks: No  	[MsgId: MMSG-27017]
    Convert from/to UTF-8: No  	[MsgId: MMSG-27016]
    Simulate a new user each iteration: Yes  	[MsgId: MMSG-27009]
    Non-critical item errors as warnings: Yes  	[MsgId: MMSG-27008]
    HTTP errors as warnings: No  	[MsgId: MMSG-27007]
    WinInet replay instead of Sockets: No  	[MsgId: MMSG-27006]
Starting action vuser_init.	[MsgId: MMSG-15919]
    HTTP version: 1.1  	[MsgId: MMSG-27005]
    Keep-Alive HTTP connections: Yes  	[MsgId: MMSG-27004]
Web Turbo Replay of LoadRunner 2023.0.0 for Windows 10; build 506 (Mar 08 2023 13:11:40)  	[MsgId: MMSG-26983]
    Max self Meta refresh updates: 2  	[MsgId: MMSG-27003]
    No proxy is used (direct connection to the Internet)  	[MsgId: MMSG-27171]
Run mode: HTML  	[MsgId: MMSG-26993]
    DNS caching: Yes  	[MsgId: MMSG-27035]
    Simulate browser cache: Yes  	[MsgId: MMSG-27034]
Replay user agent: Mozilla/5.0 (Windows NT 10.0; Win64; x64) AppleWebKit/537.36 (KHTML, like Gecko) Chrome/109.0.0.0 Safari/537.36  	[MsgId: MMSG-26988]
        Cache URLs requiring content (e.g., HTMLs): Yes  	[MsgId: MMSG-27033]
            Additional URLs requiring content: None  	[MsgId: MMSG-27032]
Runtime Settings file: "C:\Users\Dell\AppData\Local\Temp\lr5tmpdirgDI.210\lrcfgxrn.211\cfgwM1.216"  	[MsgId: MMSG-27141]
        Check for newer versions every visit to the page: No  	[MsgId: MMSG-27031]
    Page download timeout (sec): 120  	[MsgId: MMSG-27030]
Vuser directory: "D:\LRJmeterScriptNew\LRFilesPass\JPetstore\LR_JPetstore_Fiddler_Sucess"  	[MsgId: MMSG-27052]
    Resource Page Timeout is a Warning: No  	[MsgId: MMSG-27029]
    ContentCheck enabled: Yes  	[MsgId: MMSG-27028]
Vuser output directory: "D:\LRJmeterScriptNew\LRFilesPass\JPetstore\LR_JPetstore_Fiddler_Sucess"  	[MsgId: MMSG-27050]
    ContentCheck script-level file: "C:\Users\Dell\AppData\Local\Temp\lr5tmpdirgDI.210\lrcfgxrn.211\LrwiAedScript.xml"  	[MsgId: MMSG-27027]
    Enable Web Page Breakdown: No  	[MsgId: MMSG-27026]
    Enable connection data points: Yes  	[MsgId: MMSG-27023]
    Process socket after reschedule: Yes  	[MsgId: MMSG-27022]
    Snapshot on error: No  	[MsgId: MMSG-27021]
    Define each step as a transaction: No  	[MsgId: MMSG-27020]
    Read beyond Content-Length: No  	[MsgId: MMSG-26994]
    Parse HTML Content-Type: TEXT  	[MsgId: MMSG-26999]
Operating system's current working directory: "D:\LRJmeterScriptNew\LRFilesPass\JPetstore\LR_JPetstore_Fiddler_Sucess"  	[MsgId: MMSG-27048]
    Graph hits per second and HTTP status codes: Yes  	[MsgId: MMSG-26998]
    Graph response bytes per second: Yes  	[MsgId: MMSG-26997]
UTC (GMT) start date/time   : 2023-04-20 10:59:24  	[MsgId: MMSG-26992]
    Graph pages per second: No  	[MsgId: MMSG-26996]
LOCAL start date/time       : 2023-04-20 16:29:24  	[MsgId: MMSG-26991]
    Web recorder version ID: 10  	[MsgId: MMSG-26995]
Local daylight-Savings-Time : No  	[MsgId: MMSG-26990]
Some of the Runtime Settings:  	[MsgId: MMSG-27142]
    Download non-HTML resources: Yes  	[MsgId: MMSG-27018]
    Verification checks: No  	[MsgId: MMSG-27017]
    Convert from/to UTF-8: No  	[MsgId: MMSG-27016]
    Simulate a new user each iteration: Yes  	[MsgId: MMSG-27009]
    Non-critical item errors as warnings: Yes  	[MsgId: MMSG-27008]
    HTTP errors as warnings: No  	[MsgId: MMSG-27007]
    WinInet replay instead of Sockets: No  	[MsgId: MMSG-27006]
    HTTP version: 1.1  	[MsgId: MMSG-27005]
    Keep-Alive HTTP connections: Yes  	[MsgId: MMSG-27004]
Ending action vuser_init.	[MsgId: MMSG-15918]
    Max self Meta refresh updates: 2  	[MsgId: MMSG-27003]
Running Vuser...	[MsgId: MMSG-15964]
    No proxy is used (direct connection to the Internet)  	[MsgId: MMSG-27171]
    DNS caching: Yes  	[MsgId: MMSG-27035]
    Simulate browser cache: Yes  	[MsgId: MMSG-27034]
        Cache URLs requiring content (e.g., HTMLs): Yes  	[MsgId: MMSG-27033]
            Additional URLs requiring content: None  	[MsgId: MMSG-27032]
        Check for newer versions every visit to the page: No  	[MsgId: MMSG-27031]
    Page download timeout (sec): 120  	[MsgId: MMSG-27030]
    Resource Page Timeout is a Warning: No  	[MsgId: MMSG-27029]
    ContentCheck enabled: Yes  	[MsgId: MMSG-27028]
    ContentCheck script-level file: "C:\Users\Dell\AppData\Local\Temp\lr5tmpdirgDI.210\lrcfgxrn.211\LrwiAedScript.xml"  	[MsgId: MMSG-27027]
    Enable Web Page Breakdown: No  	[MsgId: MMSG-27026]
    Enable connection data points: Yes  	[MsgId: MMSG-27023]
    Process socket after reschedule: Yes  	[MsgId: MMSG-27022]
    Snapshot on error: No  	[MsgId: MMSG-27021]
    Define each step as a transaction: No  	[MsgId: MMSG-27020]
    Read beyond Content-Length: No  	[MsgId: MMSG-26994]
    Parse HTML Content-Type: TEXT  	[MsgId: MMSG-26999]
    Graph hits per second and HTTP status codes: Yes  	[MsgId: MMSG-26998]
    Graph response bytes per second: Yes  	[MsgId: MMSG-26997]
    Graph pages per second: No  	[MsgId: MMSG-26996]
    Web recorder version ID: 10  	[MsgId: MMSG-26995]
Ending action vuser_init.	[MsgId: MMSG-15918]
Running Vuser...	[MsgId: MMSG-15964]
Virtual User Script started at: 20-04-2023 16:29:40	[MsgId: MMSG-15967]
Starting action vuser_init.	[MsgId: MMSG-15919]
Web Turbo Replay of LoadRunner 2023.0.0 for Windows 10; build 506 (Mar 08 2023 13:11:40)  	[MsgId: MMSG-26983]
Run mode: HTML  	[MsgId: MMSG-26993]
Replay user agent: Mozilla/5.0 (Windows NT 10.0; Win64; x64) AppleWebKit/537.36 (KHTML, like Gecko) Chrome/109.0.0.0 Safari/537.36  	[MsgId: MMSG-26988]
Runtime Settings file: "C:\Users\Dell\AppData\Local\Temp\lr5tmpdirgDI.210\lrcfgxrn.211\cfgwM1.216"  	[MsgId: MMSG-27141]
Vuser directory: "D:\LRJmeterScriptNew\LRFilesPass\JPetstore\LR_JPetstore_Fiddler_Sucess"  	[MsgId: MMSG-27052]
Vuser output directory: "D:\LRJmeterScriptNew\LRFilesPass\JPetstore\LR_JPetstore_Fiddler_Sucess"  	[MsgId: MMSG-27050]
Virtual User Script started at: 20-04-2023 16:29:40	[MsgId: MMSG-15967]
Starting action vuser_init.	[MsgId: MMSG-15919]
Web Turbo Replay of LoadRunner 2023.0.0 for Windows 10; build 506 (Mar 08 2023 13:11:40)  	[MsgId: MMSG-26983]
Run mode: HTML  	[MsgId: MMSG-26993]
Replay user agent: Mozilla/5.0 (Windows NT 10.0; Win64; x64) AppleWebKit/537.36 (KHTML, like Gecko) Chrome/109.0.0.0 Safari/537.36  	[MsgId: MMSG-26988]
Runtime Settings file: "C:\Users\Dell\AppData\Local\Temp\lr5tmpdirgDI.210\lrcfgxrn.211\cfgwM1.216"  	[MsgId: MMSG-27141]
Vuser directory: "D:\LRJmeterScriptNew\LRFilesPass\JPetstore\LR_JPetstore_Fiddler_Sucess"  	[MsgId: MMSG-27052]
Vuser output directory: "D:\LRJmeterScriptNew\LRFilesPass\JPetstore\LR_JPetstore_Fiddler_Sucess"  	[MsgId: MMSG-27050]
Operating system's current working directory: "D:\LRJmeterScriptNew\LRFilesPass\JPetstore\LR_JPetstore_Fiddler_Sucess"  	[MsgId: MMSG-27048]
Operating system's current working directory: "D:\LRJmeterScriptNew\LRFilesPass\JPetstore\LR_JPetstore_Fiddler_Sucess"  	[MsgId: MMSG-27048]
UTC (GMT) start date/time   : 2023-04-20 10:59:40  	[MsgId: MMSG-26992]
UTC (GMT) start date/time   : 2023-04-20 10:59:40  	[MsgId: MMSG-26992]
LOCAL start date/time       : 2023-04-20 16:29:40  	[MsgId: MMSG-26991]
LOCAL start date/time       : 2023-04-20 16:29:40  	[MsgId: MMSG-26991]
Local daylight-Savings-Time : No  	[MsgId: MMSG-26990]
Local daylight-Savings-Time : No  	[MsgId: MMSG-26990]
Some of the Runtime Settings:  	[MsgId: MMSG-27142]
Some of the Runtime Settings:  	[MsgId: MMSG-27142]
    Download non-HTML resources: Yes  	[MsgId: MMSG-27018]
    Download non-HTML resources: Yes  	[MsgId: MMSG-27018]
    Verification checks: No  	[MsgId: MMSG-27017]
    Verification checks: No  	[MsgId: MMSG-27017]
    Convert from/to UTF-8: No  	[MsgId: MMSG-27016]
    Convert from/to UTF-8: No  	[MsgId: MMSG-27016]
    Simulate a new user each iteration: Yes  	[MsgId: MMSG-27009]
    Simulate a new user each iteration: Yes  	[MsgId: MMSG-27009]
    Non-critical item errors as warnings: Yes  	[MsgId: MMSG-27008]
    Non-critical item errors as warnings: Yes  	[MsgId: MMSG-27008]
    HTTP errors as warnings: No  	[MsgId: MMSG-27007]
    HTTP errors as warnings: No  	[MsgId: MMSG-27007]
    WinInet replay instead of Sockets: No  	[MsgId: MMSG-27006]
    WinInet replay instead of Sockets: No  	[MsgId: MMSG-27006]
    HTTP version: 1.1  	[MsgId: MMSG-27005]
    HTTP version: 1.1  	[MsgId: MMSG-27005]
    Keep-Alive HTTP connections: Yes  	[MsgId: MMSG-27004]
    Keep-Alive HTTP connections: Yes  	[MsgId: MMSG-27004]
    Max self Meta refresh updates: 2  	[MsgId: MMSG-27003]
    Max self Meta refresh updates: 2  	[MsgId: MMSG-27003]
    No proxy is used (direct connection to the Internet)  	[MsgId: MMSG-27171]
    No proxy is used (direct connection to the Internet)  	[MsgId: MMSG-27171]
    DNS caching: Yes  	[MsgId: MMSG-27035]
    DNS caching: Yes  	[MsgId: MMSG-27035]
    Simulate browser cache: Yes  	[MsgId: MMSG-27034]
    Simulate browser cache: Yes  	[MsgId: MMSG-27034]
        Cache URLs requiring content (e.g., HTMLs): Yes  	[MsgId: MMSG-27033]
        Cache URLs requiring content (e.g., HTMLs): Yes  	[MsgId: MMSG-27033]
            Additional URLs requiring content: None  	[MsgId: MMSG-27032]
            Additional URLs requiring content: None  	[MsgId: MMSG-27032]
        Check for newer versions every visit to the page: No  	[MsgId: MMSG-27031]
        Check for newer versions every visit to the page: No  	[MsgId: MMSG-27031]
    Page download timeout (sec): 120  	[MsgId: MMSG-27030]
    Page download timeout (sec): 120  	[MsgId: MMSG-27030]
    Resource Page Timeout is a Warning: No  	[MsgId: MMSG-27029]
    Resource Page Timeout is a Warning: No  	[MsgId: MMSG-27029]
    ContentCheck enabled: Yes  	[MsgId: MMSG-27028]
    ContentCheck enabled: Yes  	[MsgId: MMSG-27028]
    ContentCheck script-level file: "C:\Users\Dell\AppData\Local\Temp\lr5tmpdirgDI.210\lrcfgxrn.211\LrwiAedScript.xml"  	[MsgId: MMSG-27027]
    ContentCheck script-level file: "C:\Users\Dell\AppData\Local\Temp\lr5tmpdirgDI.210\lrcfgxrn.211\LrwiAedScript.xml"  	[MsgId: MMSG-27027]
    Enable Web Page Breakdown: No  	[MsgId: MMSG-27026]
    Enable Web Page Breakdown: No  	[MsgId: MMSG-27026]
    Enable connection data points: Yes  	[MsgId: MMSG-27023]
    Enable connection data points: Yes  	[MsgId: MMSG-27023]
    Process socket after reschedule: Yes  	[MsgId: MMSG-27022]
    Process socket after reschedule: Yes  	[MsgId: MMSG-27022]
    Snapshot on error: No  	[MsgId: MMSG-27021]
    Snapshot on error: No  	[MsgId: MMSG-27021]
    Define each step as a transaction: No  	[MsgId: MMSG-27020]
    Define each step as a transaction: No  	[MsgId: MMSG-27020]
    Read beyond Content-Length: No  	[MsgId: MMSG-26994]
    Read beyond Content-Length: No  	[MsgId: MMSG-26994]
    Parse HTML Content-Type: TEXT  	[MsgId: MMSG-26999]
    Parse HTML Content-Type: TEXT  	[MsgId: MMSG-26999]
    Graph hits per second and HTTP status codes: Yes  	[MsgId: MMSG-26998]
    Graph response bytes per second: Yes  	[MsgId: MMSG-26997]
    Graph hits per second and HTTP status codes: Yes  	[MsgId: MMSG-26998]
    Graph pages per second: No  	[MsgId: MMSG-26996]
    Graph response bytes per second: Yes  	[MsgId: MMSG-26997]
    Web recorder version ID: 10  	[MsgId: MMSG-26995]
    Graph pages per second: No  	[MsgId: MMSG-26996]
    Web recorder version ID: 10  	[MsgId: MMSG-26995]
Ending action vuser_init.	[MsgId: MMSG-15918]
Ending action vuser_init.	[MsgId: MMSG-15918]
Running Vuser...	[MsgId: MMSG-15964]
Running Vuser...	[MsgId: MMSG-15964]
Virtual User Script started at: 20-04-2023 16:29:54	[MsgId: MMSG-15967]
Starting action vuser_init.	[MsgId: MMSG-15919]
Web Turbo Replay of LoadRunner 2023.0.0 for Windows 10; build 506 (Mar 08 2023 13:11:40)  	[MsgId: MMSG-26983]
Run mode: HTML  	[MsgId: MMSG-26993]
Replay user agent: Mozilla/5.0 (Windows NT 10.0; Win64; x64) AppleWebKit/537.36 (KHTML, like Gecko) Chrome/109.0.0.0 Safari/537.36  	[MsgId: MMSG-26988]
Runtime Settings file: "C:\Users\Dell\AppData\Local\Temp\lr5tmpdirgDI.210\lrcfgxrn.211\cfgwM1.216"  	[MsgId: MMSG-27141]
Vuser directory: "D:\LRJmeterScriptNew\LRFilesPass\JPetstore\LR_JPetstore_Fiddler_Sucess"  	[MsgId: MMSG-27052]
Virtual User Script started at: 20-04-2023 16:29:54	[MsgId: MMSG-15967]
Vuser output directory: "D:\LRJmeterScriptNew\LRFilesPass\JPetstore\LR_JPetstore_Fiddler_Sucess"  	[MsgId: MMSG-27050]
Starting action vuser_init.	[MsgId: MMSG-15919]
Web Turbo Replay of LoadRunner 2023.0.0 for Windows 10; build 506 (Mar 08 2023 13:11:40)  	[MsgId: MMSG-26983]
Run mode: HTML  	[MsgId: MMSG-26993]
Replay user agent: Mozilla/5.0 (Windows NT 10.0; Win64; x64) AppleWebKit/537.36 (KHTML, like Gecko) Chrome/109.0.0.0 Safari/537.36  	[MsgId: MMSG-26988]
Runtime Settings file: "C:\Users\Dell\AppData\Local\Temp\lr5tmpdirgDI.210\lrcfgxrn.211\cfgwM1.216"  	[MsgId: MMSG-27141]
Vuser directory: "D:\LRJmeterScriptNew\LRFilesPass\JPetstore\LR_JPetstore_Fiddler_Sucess"  	[MsgId: MMSG-27052]
Vuser output directory: "D:\LRJmeterScriptNew\LRFilesPass\JPetstore\LR_JPetstore_Fiddler_Sucess"  	[MsgId: MMSG-27050]
Operating system's current working directory: "D:\LRJmeterScriptNew\LRFilesPass\JPetstore\LR_JPetstore_Fiddler_Sucess"  	[MsgId: MMSG-27048]
Operating system's current working directory: "D:\LRJmeterScriptNew\LRFilesPass\JPetstore\LR_JPetstore_Fiddler_Sucess"  	[MsgId: MMSG-27048]
UTC (GMT) start date/time   : 2023-04-20 10:59:54  	[MsgId: MMSG-26992]
LOCAL start date/time       : 2023-04-20 16:29:54  	[MsgId: MMSG-26991]
UTC (GMT) start date/time   : 2023-04-20 10:59:54  	[MsgId: MMSG-26992]
Local daylight-Savings-Time : No  	[MsgId: MMSG-26990]
LOCAL start date/time       : 2023-04-20 16:29:54  	[MsgId: MMSG-26991]
Some of the Runtime Settings:  	[MsgId: MMSG-27142]
Local daylight-Savings-Time : No  	[MsgId: MMSG-26990]
    Download non-HTML resources: Yes  	[MsgId: MMSG-27018]
Some of the Runtime Settings:  	[MsgId: MMSG-27142]
    Verification checks: No  	[MsgId: MMSG-27017]
    Download non-HTML resources: Yes  	[MsgId: MMSG-27018]
    Convert from/to UTF-8: No  	[MsgId: MMSG-27016]
    Verification checks: No  	[MsgId: MMSG-27017]
    Simulate a new user each iteration: Yes  	[MsgId: MMSG-27009]
    Convert from/to UTF-8: No  	[MsgId: MMSG-27016]
    Non-critical item errors as warnings: Yes  	[MsgId: MMSG-27008]
    Simulate a new user each iteration: Yes  	[MsgId: MMSG-27009]
    HTTP errors as warnings: No  	[MsgId: MMSG-27007]
    Non-critical item errors as warnings: Yes  	[MsgId: MMSG-27008]
    WinInet replay instead of Sockets: No  	[MsgId: MMSG-27006]
    HTTP errors as warnings: No  	[MsgId: MMSG-27007]
    HTTP version: 1.1  	[MsgId: MMSG-27005]
    WinInet replay instead of Sockets: No  	[MsgId: MMSG-27006]
    Keep-Alive HTTP connections: Yes  	[MsgId: MMSG-27004]
    HTTP version: 1.1  	[MsgId: MMSG-27005]
    Max self Meta refresh updates: 2  	[MsgId: MMSG-27003]
    Keep-Alive HTTP connections: Yes  	[MsgId: MMSG-27004]
    No proxy is used (direct connection to the Internet)  	[MsgId: MMSG-27171]
    Max self Meta refresh updates: 2  	[MsgId: MMSG-27003]
    DNS caching: Yes  	[MsgId: MMSG-27035]
    No proxy is used (direct connection to the Internet)  	[MsgId: MMSG-27171]
    Simulate browser cache: Yes  	[MsgId: MMSG-27034]
    DNS caching: Yes  	[MsgId: MMSG-27035]
        Cache URLs requiring content (e.g., HTMLs): Yes  	[MsgId: MMSG-27033]
    Simulate browser cache: Yes  	[MsgId: MMSG-27034]
            Additional URLs requiring content: None  	[MsgId: MMSG-27032]
        Cache URLs requiring content (e.g., HTMLs): Yes  	[MsgId: MMSG-27033]
        Check for newer versions every visit to the page: No  	[MsgId: MMSG-27031]
            Additional URLs requiring content: None  	[MsgId: MMSG-27032]
    Page download timeout (sec): 120  	[MsgId: MMSG-27030]
        Check for newer versions every visit to the page: No  	[MsgId: MMSG-27031]
    Resource Page Timeout is a Warning: No  	[MsgId: MMSG-27029]
    Page download timeout (sec): 120  	[MsgId: MMSG-27030]
    ContentCheck enabled: Yes  	[MsgId: MMSG-27028]
    Resource Page Timeout is a Warning: No  	[MsgId: MMSG-27029]
    ContentCheck script-level file: "C:\Users\Dell\AppData\Local\Temp\lr5tmpdirgDI.210\lrcfgxrn.211\LrwiAedScript.xml"  	[MsgId: MMSG-27027]
    ContentCheck enabled: Yes  	[MsgId: MMSG-27028]
    Enable Web Page Breakdown: No  	[MsgId: MMSG-27026]
    ContentCheck script-level file: "C:\Users\Dell\AppData\Local\Temp\lr5tmpdirgDI.210\lrcfgxrn.211\LrwiAedScript.xml"  	[MsgId: MMSG-27027]
    Enable connection data points: Yes  	[MsgId: MMSG-27023]
    Enable Web Page Breakdown: No  	[MsgId: MMSG-27026]
    Process socket after reschedule: Yes  	[MsgId: MMSG-27022]
    Enable connection data points: Yes  	[MsgId: MMSG-27023]
    Snapshot on error: No  	[MsgId: MMSG-27021]
    Process socket after reschedule: Yes  	[MsgId: MMSG-27022]
    Define each step as a transaction: No  	[MsgId: MMSG-27020]
    Snapshot on error: No  	[MsgId: MMSG-27021]
    Read beyond Content-Length: No  	[MsgId: MMSG-26994]
    Define each step as a transaction: No  	[MsgId: MMSG-27020]
    Parse HTML Content-Type: TEXT  	[MsgId: MMSG-26999]
    Read beyond Content-Length: No  	[MsgId: MMSG-26994]
    Graph hits per second and HTTP status codes: Yes  	[MsgId: MMSG-26998]
    Parse HTML Content-Type: TEXT  	[MsgId: MMSG-26999]
    Graph response bytes per second: Yes  	[MsgId: MMSG-26997]
    Graph pages per second: No  	[MsgId: MMSG-26996]
    Graph hits per second and HTTP status codes: Yes  	[MsgId: MMSG-26998]
    Web recorder version ID: 10  	[MsgId: MMSG-26995]
    Graph response bytes per second: Yes  	[MsgId: MMSG-26997]
    Graph pages per second: No  	[MsgId: MMSG-26996]
    Web recorder version ID: 10  	[MsgId: MMSG-26995]
Ending action vuser_init.	[MsgId: MMSG-15918]
Ending action vuser_init.	[MsgId: MMSG-15918]
Running Vuser...	[MsgId: MMSG-15964]
Running Vuser...	[MsgId: MMSG-15964]
Virtual User Script started at: 20-04-2023 16:30:09	[MsgId: MMSG-15967]
Virtual User Script started at: 20-04-2023 16:30:09	[MsgId: MMSG-15967]
Starting action vuser_init.	[MsgId: MMSG-15919]
Starting action vuser_init.	[MsgId: MMSG-15919]
Web Turbo Replay of LoadRunner 2023.0.0 for Windows 10; build 506 (Mar 08 2023 13:11:40)  	[MsgId: MMSG-26983]
Web Turbo Replay of LoadRunner 2023.0.0 for Windows 10; build 506 (Mar 08 2023 13:11:40)  	[MsgId: MMSG-26983]
Run mode: HTML  	[MsgId: MMSG-26993]
Run mode: HTML  	[MsgId: MMSG-26993]
Replay user agent: Mozilla/5.0 (Windows NT 10.0; Win64; x64) AppleWebKit/537.36 (KHTML, like Gecko) Chrome/109.0.0.0 Safari/537.36  	[MsgId: MMSG-26988]
Replay user agent: Mozilla/5.0 (Windows NT 10.0; Win64; x64) AppleWebKit/537.36 (KHTML, like Gecko) Chrome/109.0.0.0 Safari/537.36  	[MsgId: MMSG-26988]
Runtime Settings file: "C:\Users\Dell\AppData\Local\Temp\lr5tmpdirgDI.210\lrcfgxrn.211\cfgwM1.216"  	[MsgId: MMSG-27141]
Runtime Settings file: "C:\Users\Dell\AppData\Local\Temp\lr5tmpdirgDI.210\lrcfgxrn.211\cfgwM1.216"  	[MsgId: MMSG-27141]
Vuser directory: "D:\LRJmeterScriptNew\LRFilesPass\JPetstore\LR_JPetstore_Fiddler_Sucess"  	[MsgId: MMSG-27052]
Vuser directory: "D:\LRJmeterScriptNew\LRFilesPass\JPetstore\LR_JPetstore_Fiddler_Sucess"  	[MsgId: MMSG-27052]
Vuser output directory: "D:\LRJmeterScriptNew\LRFilesPass\JPetstore\LR_JPetstore_Fiddler_Sucess"  	[MsgId: MMSG-27050]
Vuser output directory: "D:\LRJmeterScriptNew\LRFilesPass\JPetstore\LR_JPetstore_Fiddler_Sucess"  	[MsgId: MMSG-27050]
Operating system's current working directory: "D:\LRJmeterScriptNew\LRFilesPass\JPetstore\LR_JPetstore_Fiddler_Sucess"  	[MsgId: MMSG-27048]
Operating system's current working directory: "D:\LRJmeterScriptNew\LRFilesPass\JPetstore\LR_JPetstore_Fiddler_Sucess"  	[MsgId: MMSG-27048]
UTC (GMT) start date/time   : 2023-04-20 11:00:09  	[MsgId: MMSG-26992]
UTC (GMT) start date/time   : 2023-04-20 11:00:09  	[MsgId: MMSG-26992]
LOCAL start date/time       : 2023-04-20 16:30:09  	[MsgId: MMSG-26991]
LOCAL start date/time       : 2023-04-20 16:30:09  	[MsgId: MMSG-26991]
Local daylight-Savings-Time : No  	[MsgId: MMSG-26990]
Local daylight-Savings-Time : No  	[MsgId: MMSG-26990]
Some of the Runtime Settings:  	[MsgId: MMSG-27142]
Some of the Runtime Settings:  	[MsgId: MMSG-27142]
    Download non-HTML resources: Yes  	[MsgId: MMSG-27018]
    Download non-HTML resources: Yes  	[MsgId: MMSG-27018]
    Verification checks: No  	[MsgId: MMSG-27017]
    Verification checks: No  	[MsgId: MMSG-27017]
    Convert from/to UTF-8: No  	[MsgId: MMSG-27016]
    Convert from/to UTF-8: No  	[MsgId: MMSG-27016]
    Simulate a new user each iteration: Yes  	[MsgId: MMSG-27009]
    Simulate a new user each iteration: Yes  	[MsgId: MMSG-27009]
    Non-critical item errors as warnings: Yes  	[MsgId: MMSG-27008]
    Non-critical item errors as warnings: Yes  	[MsgId: MMSG-27008]
    HTTP errors as warnings: No  	[MsgId: MMSG-27007]
    HTTP errors as warnings: No  	[MsgId: MMSG-27007]
    WinInet replay instead of Sockets: No  	[MsgId: MMSG-27006]
    HTTP version: 1.1  	[MsgId: MMSG-27005]
    WinInet replay instead of Sockets: No  	[MsgId: MMSG-27006]
    Keep-Alive HTTP connections: Yes  	[MsgId: MMSG-27004]
    HTTP version: 1.1  	[MsgId: MMSG-27005]
    Max self Meta refresh updates: 2  	[MsgId: MMSG-27003]
    No proxy is used (direct connection to the Internet)  	[MsgId: MMSG-27171]
    Keep-Alive HTTP connections: Yes  	[MsgId: MMSG-27004]
    DNS caching: Yes  	[MsgId: MMSG-27035]
    Max self Meta refresh updates: 2  	[MsgId: MMSG-27003]
    Simulate browser cache: Yes  	[MsgId: MMSG-27034]
        Cache URLs requiring content (e.g., HTMLs): Yes  	[MsgId: MMSG-27033]
    No proxy is used (direct connection to the Internet)  	[MsgId: MMSG-27171]
            Additional URLs requiring content: None  	[MsgId: MMSG-27032]
    DNS caching: Yes  	[MsgId: MMSG-27035]
        Check for newer versions every visit to the page: No  	[MsgId: MMSG-27031]
    Page download timeout (sec): 120  	[MsgId: MMSG-27030]
    Simulate browser cache: Yes  	[MsgId: MMSG-27034]
    Resource Page Timeout is a Warning: No  	[MsgId: MMSG-27029]
        Cache URLs requiring content (e.g., HTMLs): Yes  	[MsgId: MMSG-27033]
    ContentCheck enabled: Yes  	[MsgId: MMSG-27028]
    ContentCheck script-level file: "C:\Users\Dell\AppData\Local\Temp\lr5tmpdirgDI.210\lrcfgxrn.211\LrwiAedScript.xml"  	[MsgId: MMSG-27027]
            Additional URLs requiring content: None  	[MsgId: MMSG-27032]
    Enable Web Page Breakdown: No  	[MsgId: MMSG-27026]
        Check for newer versions every visit to the page: No  	[MsgId: MMSG-27031]
    Enable connection data points: Yes  	[MsgId: MMSG-27023]
    Process socket after reschedule: Yes  	[MsgId: MMSG-27022]
    Page download timeout (sec): 120  	[MsgId: MMSG-27030]
    Snapshot on error: No  	[MsgId: MMSG-27021]
    Resource Page Timeout is a Warning: No  	[MsgId: MMSG-27029]
    Define each step as a transaction: No  	[MsgId: MMSG-27020]
    Read beyond Content-Length: No  	[MsgId: MMSG-26994]
    ContentCheck enabled: Yes  	[MsgId: MMSG-27028]
    Parse HTML Content-Type: TEXT  	[MsgId: MMSG-26999]
    ContentCheck script-level file: "C:\Users\Dell\AppData\Local\Temp\lr5tmpdirgDI.210\lrcfgxrn.211\LrwiAedScript.xml"  	[MsgId: MMSG-27027]
    Graph hits per second and HTTP status codes: Yes  	[MsgId: MMSG-26998]
    Graph response bytes per second: Yes  	[MsgId: MMSG-26997]
    Enable Web Page Breakdown: No  	[MsgId: MMSG-27026]
    Graph pages per second: No  	[MsgId: MMSG-26996]
    Enable connection data points: Yes  	[MsgId: MMSG-27023]
    Web recorder version ID: 10  	[MsgId: MMSG-26995]
    Process socket after reschedule: Yes  	[MsgId: MMSG-27022]
    Snapshot on error: No  	[MsgId: MMSG-27021]
    Define each step as a transaction: No  	[MsgId: MMSG-27020]
    Read beyond Content-Length: No  	[MsgId: MMSG-26994]
    Parse HTML Content-Type: TEXT  	[MsgId: MMSG-26999]
    Graph hits per second and HTTP status codes: Yes  	[MsgId: MMSG-26998]
    Graph response bytes per second: Yes  	[MsgId: MMSG-26997]
    Graph pages per second: No  	[MsgId: MMSG-26996]
    Web recorder version ID: 10  	[MsgId: MMSG-26995]
Ending action vuser_init.	[MsgId: MMSG-15918]
Running Vuser...	[MsgId: MMSG-15964]
Ending action vuser_init.	[MsgId: MMSG-15918]
Running Vuser...	[MsgId: MMSG-15964]
Virtual User Script started at: 20-04-2023 16:30:25	[MsgId: MMSG-15967]
Starting action vuser_init.	[MsgId: MMSG-15919]
Web Turbo Replay of LoadRunner 2023.0.0 for Windows 10; build 506 (Mar 08 2023 13:11:40)  	[MsgId: MMSG-26983]
Run mode: HTML  	[MsgId: MMSG-26993]
Replay user agent: Mozilla/5.0 (Windows NT 10.0; Win64; x64) AppleWebKit/537.36 (KHTML, like Gecko) Chrome/109.0.0.0 Safari/537.36  	[MsgId: MMSG-26988]
Runtime Settings file: "C:\Users\Dell\AppData\Local\Temp\lr5tmpdirgDI.210\lrcfgxrn.211\cfgwM1.216"  	[MsgId: MMSG-27141]
Vuser directory: "D:\LRJmeterScriptNew\LRFilesPass\JPetstore\LR_JPetstore_Fiddler_Sucess"  	[MsgId: MMSG-27052]
Vuser output directory: "D:\LRJmeterScriptNew\LRFilesPass\JPetstore\LR_JPetstore_Fiddler_Sucess"  	[MsgId: MMSG-27050]
Virtual User Script started at: 20-04-2023 16:30:25	[MsgId: MMSG-15967]
Starting action vuser_init.	[MsgId: MMSG-15919]
Web Turbo Replay of LoadRunner 2023.0.0 for Windows 10; build 506 (Mar 08 2023 13:11:40)  	[MsgId: MMSG-26983]
Run mode: HTML  	[MsgId: MMSG-26993]
Replay user agent: Mozilla/5.0 (Windows NT 10.0; Win64; x64) AppleWebKit/537.36 (KHTML, like Gecko) Chrome/109.0.0.0 Safari/537.36  	[MsgId: MMSG-26988]
Runtime Settings file: "C:\Users\Dell\AppData\Local\Temp\lr5tmpdirgDI.210\lrcfgxrn.211\cfgwM1.216"  	[MsgId: MMSG-27141]
Vuser directory: "D:\LRJmeterScriptNew\LRFilesPass\JPetstore\LR_JPetstore_Fiddler_Sucess"  	[MsgId: MMSG-27052]
Vuser output directory: "D:\LRJmeterScriptNew\LRFilesPass\JPetstore\LR_JPetstore_Fiddler_Sucess"  	[MsgId: MMSG-27050]
Operating system's current working directory: "D:\LRJmeterScriptNew\LRFilesPass\JPetstore\LR_JPetstore_Fiddler_Sucess"  	[MsgId: MMSG-27048]
Operating system's current working directory: "D:\LRJmeterScriptNew\LRFilesPass\JPetstore\LR_JPetstore_Fiddler_Sucess"  	[MsgId: MMSG-27048]
UTC (GMT) start date/time   : 2023-04-20 11:00:25  	[MsgId: MMSG-26992]
UTC (GMT) start date/time   : 2023-04-20 11:00:25  	[MsgId: MMSG-26992]
LOCAL start date/time       : 2023-04-20 16:30:25  	[MsgId: MMSG-26991]
LOCAL start date/time       : 2023-04-20 16:30:25  	[MsgId: MMSG-26991]
Local daylight-Savings-Time : No  	[MsgId: MMSG-26990]
Local daylight-Savings-Time : No  	[MsgId: MMSG-26990]
Some of the Runtime Settings:  	[MsgId: MMSG-27142]
    Download non-HTML resources: Yes  	[MsgId: MMSG-27018]
    Verification checks: No  	[MsgId: MMSG-27017]
    Convert from/to UTF-8: No  	[MsgId: MMSG-27016]
    Simulate a new user each iteration: Yes  	[MsgId: MMSG-27009]
    Non-critical item errors as warnings: Yes  	[MsgId: MMSG-27008]
    HTTP errors as warnings: No  	[MsgId: MMSG-27007]
    WinInet replay instead of Sockets: No  	[MsgId: MMSG-27006]
    HTTP version: 1.1  	[MsgId: MMSG-27005]
    Keep-Alive HTTP connections: Yes  	[MsgId: MMSG-27004]
    Max self Meta refresh updates: 2  	[MsgId: MMSG-27003]
    No proxy is used (direct connection to the Internet)  	[MsgId: MMSG-27171]
    DNS caching: Yes  	[MsgId: MMSG-27035]
    Simulate browser cache: Yes  	[MsgId: MMSG-27034]
        Cache URLs requiring content (e.g., HTMLs): Yes  	[MsgId: MMSG-27033]
            Additional URLs requiring content: None  	[MsgId: MMSG-27032]
        Check for newer versions every visit to the page: No  	[MsgId: MMSG-27031]
    Page download timeout (sec): 120  	[MsgId: MMSG-27030]
    Resource Page Timeout is a Warning: No  	[MsgId: MMSG-27029]
    ContentCheck enabled: Yes  	[MsgId: MMSG-27028]
    ContentCheck script-level file: "C:\Users\Dell\AppData\Local\Temp\lr5tmpdirgDI.210\lrcfgxrn.211\LrwiAedScript.xml"  	[MsgId: MMSG-27027]
    Enable Web Page Breakdown: No  	[MsgId: MMSG-27026]
    Enable connection data points: Yes  	[MsgId: MMSG-27023]
    Process socket after reschedule: Yes  	[MsgId: MMSG-27022]
    Snapshot on error: No  	[MsgId: MMSG-27021]
    Define each step as a transaction: No  	[MsgId: MMSG-27020]
    Read beyond Content-Length: No  	[MsgId: MMSG-26994]
    Parse HTML Content-Type: TEXT  	[MsgId: MMSG-26999]
    Graph hits per second and HTTP status codes: Yes  	[MsgId: MMSG-26998]
    Graph response bytes per second: Yes  	[MsgId: MMSG-26997]
    Graph pages per second: No  	[MsgId: MMSG-26996]
Some of the Runtime Settings:  	[MsgId: MMSG-27142]
    Download non-HTML resources: Yes  	[MsgId: MMSG-27018]
    Verification checks: No  	[MsgId: MMSG-27017]
    Convert from/to UTF-8: No  	[MsgId: MMSG-27016]
    Simulate a new user each iteration: Yes  	[MsgId: MMSG-27009]
    Web recorder version ID: 10  	[MsgId: MMSG-26995]
    Non-critical item errors as warnings: Yes  	[MsgId: MMSG-27008]
    HTTP errors as warnings: No  	[MsgId: MMSG-27007]
    WinInet replay instead of Sockets: No  	[MsgId: MMSG-27006]
    HTTP version: 1.1  	[MsgId: MMSG-27005]
    Keep-Alive HTTP connections: Yes  	[MsgId: MMSG-27004]
    Max self Meta refresh updates: 2  	[MsgId: MMSG-27003]
    No proxy is used (direct connection to the Internet)  	[MsgId: MMSG-27171]
    DNS caching: Yes  	[MsgId: MMSG-27035]
    Simulate browser cache: Yes  	[MsgId: MMSG-27034]
        Cache URLs requiring content (e.g., HTMLs): Yes  	[MsgId: MMSG-27033]
Ending action vuser_init.	[MsgId: MMSG-15918]
            Additional URLs requiring content: None  	[MsgId: MMSG-27032]
Running Vuser...	[MsgId: MMSG-15964]
        Check for newer versions every visit to the page: No  	[MsgId: MMSG-27031]
    Page download timeout (sec): 120  	[MsgId: MMSG-27030]
    Resource Page Timeout is a Warning: No  	[MsgId: MMSG-27029]
    ContentCheck enabled: Yes  	[MsgId: MMSG-27028]
    ContentCheck script-level file: "C:\Users\Dell\AppData\Local\Temp\lr5tmpdirgDI.210\lrcfgxrn.211\LrwiAedScript.xml"  	[MsgId: MMSG-27027]
    Enable Web Page Breakdown: No  	[MsgId: MMSG-27026]
    Enable connection data points: Yes  	[MsgId: MMSG-27023]
    Process socket after reschedule: Yes  	[MsgId: MMSG-27022]
    Snapshot on error: No  	[MsgId: MMSG-27021]
    Define each step as a transaction: No  	[MsgId: MMSG-27020]
    Read beyond Content-Length: No  	[MsgId: MMSG-26994]
    Parse HTML Content-Type: TEXT  	[MsgId: MMSG-26999]
    Graph hits per second and HTTP status codes: Yes  	[MsgId: MMSG-26998]
    Graph response bytes per second: Yes  	[MsgId: MMSG-26997]
    Graph pages per second: No  	[MsgId: MMSG-26996]
    Web recorder version ID: 10  	[MsgId: MMSG-26995]
Ending action vuser_init.	[MsgId: MMSG-15918]
Running Vuser...	[MsgId: MMSG-15964]
Action was aborted.	[MsgId: MMSG-10694]
Action was aborted.	[MsgId: MMSG-10694]
Action was aborted.	[MsgId: MMSG-10694]
Ending Vuser...	[MsgId: MMSG-15966]
Starting action vuser_end.	[MsgId: MMSG-15919]
Ending Vuser...	[MsgId: MMSG-15966]
Ending Vuser...	[MsgId: MMSG-15966]
Starting action vuser_end.	[MsgId: MMSG-15919]
Starting action vuser_end.	[MsgId: MMSG-15919]
Ending action vuser_end.	[MsgId: MMSG-15918]
Ending action vuser_end.	[MsgId: MMSG-15918]
Vuser Terminated.	[MsgId: MMSG-15963]
Ending action vuser_end.	[MsgId: MMSG-15918]
Vuser Terminated.	[MsgId: MMSG-15963]
Vuser Terminated.	[MsgId: MMSG-15963]
Action was aborted.	[MsgId: MMSG-10694]
Action was aborted.	[MsgId: MMSG-10694]
Ending Vuser...	[MsgId: MMSG-15966]
Ending Vuser...	[MsgId: MMSG-15966]
Starting action vuser_end.	[MsgId: MMSG-15919]
Starting action vuser_end.	[MsgId: MMSG-15919]
Ending action vuser_end.	[MsgId: MMSG-15918]
Vuser Terminated.	[MsgId: MMSG-15963]
Ending action vuser_end.	[MsgId: MMSG-15918]
Vuser Terminated.	[MsgId: MMSG-15963]
Action was aborted.	[MsgId: MMSG-10694]
Ending Vuser...	[MsgId: MMSG-15966]
Action was aborted.	[MsgId: MMSG-10694]
Starting action vuser_end.	[MsgId: MMSG-15919]
Ending Vuser...	[MsgId: MMSG-15966]
Starting action vuser_end.	[MsgId: MMSG-15919]
Ending action vuser_end.	[MsgId: MMSG-15918]
Vuser Terminated.	[MsgId: MMSG-15963]
Ending action vuser_end.	[MsgId: MMSG-15918]
Vuser Terminated.	[MsgId: MMSG-15963]
Action was aborted.	[MsgId: MMSG-10694]
Ending Vuser...	[MsgId: MMSG-15966]
Starting action vuser_end.	[MsgId: MMSG-15919]
Ending action vuser_end.	[MsgId: MMSG-15918]
Vuser Terminated.	[MsgId: MMSG-15963]
Action was aborted.	[MsgId: MMSG-10694]
Ending Vuser...	[MsgId: MMSG-15966]
Starting action vuser_end.	[MsgId: MMSG-15919]
Ending action vuser_end.	[MsgId: MMSG-15918]
Action was aborted.	[MsgId: MMSG-10694]
Vuser Terminated.	[MsgId: MMSG-15963]
Ending Vuser...	[MsgId: MMSG-15966]
Starting action vuser_end.	[MsgId: MMSG-15919]
HTML-Mode memory management statistics: Reusable=0, NonReusable=0, CsMemBlockSize=4096, checks disabled  	[MsgId: MMSG-26000]
Ending action vuser_end.	[MsgId: MMSG-15918]
Vuser Terminated.	[MsgId: MMSG-15963]
Action was aborted.	[MsgId: MMSG-10694]
Ending Vuser...	[MsgId: MMSG-15966]
Starting action vuser_end.	[MsgId: MMSG-15919]
Ending action vuser_end.	[MsgId: MMSG-15918]
Action was aborted.	[MsgId: MMSG-10694]
Vuser Terminated.	[MsgId: MMSG-15963]
Ending Vuser...	[MsgId: MMSG-15966]
Starting action vuser_end.	[MsgId: MMSG-15919]
Ending action vuser_end.	[MsgId: MMSG-15918]
Vuser Terminated.	[MsgId: MMSG-15963]
Vuser 8 (thread 2308), ended OK."	[MsgId: MMSG-10695]
HTML-Mode memory management statistics: Reusable=0, NonReusable=0, CsMemBlockSize=4096, checks disabled  	[MsgId: MMSG-26000]
Vuser 7 (thread 19960), ended OK."	[MsgId: MMSG-10695]
HTML-Mode memory management statistics: Reusable=0, NonReusable=0, CsMemBlockSize=4096, checks disabled  	[MsgId: MMSG-26000]
Vuser 2 (thread 17724), ended OK."	[MsgId: MMSG-10695]
HTML-Mode memory management statistics: Reusable=0, NonReusable=0, CsMemBlockSize=4096, checks disabled  	[MsgId: MMSG-26000]
Vuser 6 (thread 19940), ended OK."	[MsgId: MMSG-10695]
HTML-Mode memory management statistics: Reusable=0, NonReusable=0, CsMemBlockSize=4096, checks disabled  	[MsgId: MMSG-26000]
Vuser 10 (thread 8112), ended OK."	[MsgId: MMSG-10695]
HTML-Mode memory management statistics: Reusable=0, NonReusable=0, CsMemBlockSize=4096, checks disabled  	[MsgId: MMSG-26000]
HTML-Mode memory management statistics: Reusable=0, NonReusable=0, CsMemBlockSize=4096, checks disabled  	[MsgId: MMSG-26000]
Vuser 3 (thread 17728), ended OK."	[MsgId: MMSG-10695]
Vuser 11 (thread 20376), ended OK."	[MsgId: MMSG-10695]
HTML-Mode memory management statistics: Reusable=0, NonReusable=0, CsMemBlockSize=4096, checks disabled  	[MsgId: MMSG-26000]
HTML-Mode memory management statistics: Reusable=0, NonReusable=0, CsMemBlockSize=4096, checks disabled  	[MsgId: MMSG-26000]
Vuser 5 (thread 18020), ended OK."	[MsgId: MMSG-10695]
HTML-Mode memory management statistics: Reusable=0, NonReusable=0, CsMemBlockSize=4096, checks disabled  	[MsgId: MMSG-26000]
Vuser 1 (thread 13712), ended OK."	[MsgId: MMSG-10695]
HTML-Mode memory management statistics: Reusable=0, NonReusable=0, CsMemBlockSize=4096, checks disabled  	[MsgId: MMSG-26000]
Vuser 4 (thread 17996), ended OK."	[MsgId: MMSG-10695]
Vuser 0 (thread 11768), ended OK."	[MsgId: MMSG-10695]
HTML-Mode memory management statistics: Reusable=0, NonReusable=0, CsMemBlockSize=4096, checks disabled  	[MsgId: MMSG-26000]
Vuser 9 (thread 16808), ended OK."	[MsgId: MMSG-10695]
