Millisecs Thr ClntID TmDiff Lvl: Message [File(Line)]
--------- --- ----------- ------ ---- --------------------
000003899 2FB0 WPlus            0 Ful: wplusWSPStartupHook( 0x0202 )  [E:\LT\LT-CORE\win32_release\2023.0.0.506\app\Protocols\CustomApi\app\wplus\mic_socket_proxy_plus\api_wsp_handler.cpp(336)]
000004027 2FB0 WPlus          128 Ful: wplusWSPSetSockOptAlternate( 5188 , 0xffff , 0x20 , 0x817fec78 , 4 )  rc=0  le=0x00000000  [E:\LT\LT-CORE\win32_release\2023.0.0.506\app\Protocols\CustomApi\app\wplus\mic_socket_proxy_plus\api_wsp_handler.cpp(1637)]
000004027 2FB0 WPlus            0 Ful: wplusWSPBindAlternate( 5188 )  [E:\LT\LT-CORE\win32_release\2023.0.0.506\app\Protocols\CustomApi\app\wplus\mic_socket_proxy_plus\api_wsp_handler.cpp(1063)]
000004027 2FB0 WPlus            0 Ful: wplusWSPBindAlternate( 5188 , 192.168.1.194:0 )  [E:\LT\LT-CORE\win32_release\2023.0.0.506\app\Protocols\CustomApi\app\wplus\mic_socket_proxy_plus\api_wsp_handler.cpp(1137)]
000005974 2FB0 WPlus         1947 Ful: wplusWSPSetSockOptAlternate( 5076 , 0xffff , 0x4 , 0x817fe75c , 4 )  rc=0  le=0x00000000  [E:\LT\LT-CORE\win32_release\2023.0.0.506\app\Protocols\CustomApi\app\wplus\mic_socket_proxy_plus\api_wsp_handler.cpp(1637)]
000005974 2FB0 WPlus            0 Ful: wplusWSPSetSockOptAlternate( 5076 , 0x0 , 0x9 , 0x817fe688 , 4 )  rc=0  le=0x00000000  [E:\LT\LT-CORE\win32_release\2023.0.0.506\app\Protocols\CustomApi\app\wplus\mic_socket_proxy_plus\api_wsp_handler.cpp(1637)]
000005974 2FB0 WPlus            0 Ful: wplusWSPBindAlternate( 5076 )  [E:\LT\LT-CORE\win32_release\2023.0.0.506\app\Protocols\CustomApi\app\wplus\mic_socket_proxy_plus\api_wsp_handler.cpp(1063)]
000005974 2FB0 WPlus            0 Ful: wplusWSPBindAlternate( 5076 , 0.0.0.0:5353 )  [E:\LT\LT-CORE\win32_release\2023.0.0.506\app\Protocols\CustomApi\app\wplus\mic_socket_proxy_plus\api_wsp_handler.cpp(1137)]
000005974 2FB0 WPlus            0 Ful: wplusWSPSetSockOptAlternate( 5076 , 0x0 , 0xc , 0x817fe750 , 8 )  rc=0  le=0x00000000  [E:\LT\LT-CORE\win32_release\2023.0.0.506\app\Protocols\CustomApi\app\wplus\mic_socket_proxy_plus\api_wsp_handler.cpp(1637)]
000005988 2FB0 WPlus           14 Ful: wplusWSPStartupHook( 0x0202 )  [E:\LT\LT-CORE\win32_release\2023.0.0.506\app\Protocols\CustomApi\app\wplus\mic_socket_proxy_plus\api_wsp_handler.cpp(336)]
000006084 2FB0 WPlus           96 Ful: wplusWSPSetSockOptAlternate( 4908 , 0x29 , 0x1b , 0x817fe518 , 4 )  rc=0  le=0x00000000  [E:\LT\LT-CORE\win32_release\2023.0.0.506\app\Protocols\CustomApi\app\wplus\mic_socket_proxy_plus\api_wsp_handler.cpp(1637)]
000006084 2FB0 WPlus            0 Ful: wplusWSPSetSockOptAlternate( 4908 , 0xffff , 0x4 , 0x817fe75c , 4 )  rc=0  le=0x00000000  [E:\LT\LT-CORE\win32_release\2023.0.0.506\app\Protocols\CustomApi\app\wplus\mic_socket_proxy_plus\api_wsp_handler.cpp(1637)]
000006084 2FB0 WPlus            0 Ful: wplusWSPSetSockOptAlternate( 4908 , 0x29 , 0x9 , 0x817fe688 , 4 )  rc=0  le=0x00000000  [E:\LT\LT-CORE\win32_release\2023.0.0.506\app\Protocols\CustomApi\app\wplus\mic_socket_proxy_plus\api_wsp_handler.cpp(1637)]
000006084 2FB0 WPlus            0 Ful: wplusWSPBindAlternate( 4908 )  [E:\LT\LT-CORE\win32_release\2023.0.0.506\app\Protocols\CustomApi\app\wplus\mic_socket_proxy_plus\api_wsp_handler.cpp(1063)]
000006084 2FB0 WPlus            0 Ful: wplusWSPBindAlternate( 4908 , [0000:0000:0000:0000:0000:0000:0000:0000]: - 5353 )  [E:\LT\LT-CORE\win32_release\2023.0.0.506\app\Protocols\CustomApi\app\wplus\mic_socket_proxy_plus\api_wsp_handler.cpp(1123)]
000006084 2FB0 WPlus            0 Ful: wplusWSPSetSockOptAlternate( 4908 , 0x29 , 0xc , 0x817fe750 , 20 )  rc=0  le=0x00000000  [E:\LT\LT-CORE\win32_release\2023.0.0.506\app\Protocols\CustomApi\app\wplus\mic_socket_proxy_plus\api_wsp_handler.cpp(1637)]
000006084 2FB0 WPlus            0 Ful: wplusWSPGetSockNameAlternate( 5076 ) = 0.0.0.0:5353  [E:\LT\LT-CORE\win32_release\2023.0.0.506\app\Protocols\CustomApi\app\wplus\mic_socket_proxy_plus\api_wsp_handler.cpp(1549)]
000006084 2FB0 WPlus            0 Ful: wplusWSPGetSockNameAlternate( 4908 ) = [0000:0000:0000:0000:0000:0000:0000:0000]:5353  [E:\LT\LT-CORE\win32_release\2023.0.0.506\app\Protocols\CustomApi\app\wplus\mic_socket_proxy_plus\api_wsp_handler.cpp(1536)]
000008893 2FB0 WPlus         2809 Ful: wplusWSPCloseSocketAlternate( 5188 )  [E:\LT\LT-CORE\win32_release\2023.0.0.506\app\Protocols\CustomApi\app\wplus\mic_socket_proxy_plus\api_wsp_handler.cpp(1338)]
000122963 2FB0 WPlus       114070 Ful: wplusWSPSetSockOptAlternate( 6464 , 0xffff , 0x20 , 0x817fec78 , 4 )  rc=0  le=0x00000000  [E:\LT\LT-CORE\win32_release\2023.0.0.506\app\Protocols\CustomApi\app\wplus\mic_socket_proxy_plus\api_wsp_handler.cpp(1637)]
000122963 2FB0 WPlus            0 Ful: wplusWSPBindAlternate( 6464 )  [E:\LT\LT-CORE\win32_release\2023.0.0.506\app\Protocols\CustomApi\app\wplus\mic_socket_proxy_plus\api_wsp_handler.cpp(1063)]
000122963 2FB0 WPlus            0 Ful: wplusWSPBindAlternate( 6464 , 192.168.1.194:0 )  [E:\LT\LT-CORE\win32_release\2023.0.0.506\app\Protocols\CustomApi\app\wplus\mic_socket_proxy_plus\api_wsp_handler.cpp(1137)]
000127967 2FB0 WPlus         5004 Ful: wplusWSPCloseSocketAlternate( 6464 )  [E:\LT\LT-CORE\win32_release\2023.0.0.506\app\Protocols\CustomApi\app\wplus\mic_socket_proxy_plus\api_wsp_handler.cpp(1338)]
000242964 2FB0 WPlus       114997 Ful: wplusWSPSetSockOptAlternate( 5944 , 0xffff , 0x20 , 0x817fec78 , 4 )  rc=0  le=0x00000000  [E:\LT\LT-CORE\win32_release\2023.0.0.506\app\Protocols\CustomApi\app\wplus\mic_socket_proxy_plus\api_wsp_handler.cpp(1637)]
000242964 2FB0 WPlus            0 Ful: wplusWSPBindAlternate( 5944 )  [E:\LT\LT-CORE\win32_release\2023.0.0.506\app\Protocols\CustomApi\app\wplus\mic_socket_proxy_plus\api_wsp_handler.cpp(1063)]
000242964 2FB0 WPlus            0 Ful: wplusWSPBindAlternate( 5944 , 192.168.1.194:0 )  [E:\LT\LT-CORE\win32_release\2023.0.0.506\app\Protocols\CustomApi\app\wplus\mic_socket_proxy_plus\api_wsp_handler.cpp(1137)]
000247971 2FB0 WPlus         5007 Ful: wplusWSPCloseSocketAlternate( 5944 )  [E:\LT\LT-CORE\win32_release\2023.0.0.506\app\Protocols\CustomApi\app\wplus\mic_socket_proxy_plus\api_wsp_handler.cpp(1338)]
