Start auto log messages stack - Iteration 1.	[MsgId: MMSG-10545]
Action.c(49): Previous automatically added web header for "Upgrade-Insecure-Requests" removed  	[MsgId: MMSG-26587]
Action.c(49): web_remove/revert_auto_header("Upgrade-Insecure-Requests") was successful  	[MsgId: MMSG-26392]
Action.c(51): web_add_auto_header("Sec-Fetch-Site") started  	[MsgId: MMSG-26355]
Action.c(51): web_add_auto_header("Sec-Fetch-Site") was successful  	[MsgId: MMSG-26392]
Start auto log messages stack - Iteration 1.	[MsgId: MMSG-10545]
Action.c(49): Previous automatically added web header for "Upgrade-Insecure-Requests" removed  	[MsgId: MMSG-26587]
Action.c(49): web_remove/revert_auto_header("Upgrade-Insecure-Requests") was successful  	[MsgId: MMSG-26392]
Action.c(51): web_add_auto_header("Sec-Fetch-Site") started  	[MsgId: MMSG-26355]
Action.c(51): web_add_auto_header("Sec-Fetch-Site") was successful  	[MsgId: MMSG-26392]
Start auto log messages stack - Iteration 1.	[MsgId: MMSG-10545]
Action.c(54): lr_think_time: 47.00 seconds.	[MsgId: MMSG-15948]
Action.c(56): web_url("Enter the Store") started  	[MsgId: MMSG-26355]
Action.c(56): Notify: Transaction "JPetstore_SC01_TS02_EnterStore" ended with a "Stop" status (Duration: 68.2857 Think Time: 47.0108 Wasted Time: 0.0000).	[MsgId: MMSG-16870]
Start auto log messages stack - Iteration 1.	[MsgId: MMSG-10545]
Start auto log messages stack - Iteration 1.	[MsgId: MMSG-10545]
Abort was called from an action.	[MsgId: MMSG-10447]
Ending Vuser...	[MsgId: MMSG-15966]
Starting action vuser_end.	[MsgId: MMSG-15919]
Ending action vuser_end.	[MsgId: MMSG-15918]
Vuser Terminated.	[MsgId: MMSG-15963]
Action.c(56): Error -27760: Request "https://petstore.octoperf.com/actions/Catalog.action" failed  	[MsgId: MERR-27760]
Start auto log messages stack - Iteration 1.	[MsgId: MMSG-10545]
Start auto log messages stack - Iteration 1.	[MsgId: MMSG-10545]
Action.c(54): lr_think_time: 47.00 seconds.	[MsgId: MMSG-15948]
Action.c(56): web_url("Enter the Store") started  	[MsgId: MMSG-26355]
Action.c(56): Notify: Transaction "JPetstore_SC01_TS02_EnterStore" ended with a "Stop" status (Duration: 68.4298 Think Time: 47.0079 Wasted Time: 0.0000).	[MsgId: MMSG-16870]
Abort was called from an action.	[MsgId: MMSG-10447]
Ending Vuser...	[MsgId: MMSG-15966]
Starting action vuser_end.	[MsgId: MMSG-15919]
Ending action vuser_end.	[MsgId: MMSG-15918]
Vuser Terminated.	[MsgId: MMSG-15963]
Action.c(56): Error -27760: Request "https://petstore.octoperf.com/actions/Catalog.action" failed  	[MsgId: MERR-27760]
Action.c(49): Previous automatically added web header for "Upgrade-Insecure-Requests" removed  	[MsgId: MMSG-26587]
Action.c(49): web_remove/revert_auto_header("Upgrade-Insecure-Requests") was successful  	[MsgId: MMSG-26392]
Action.c(51): web_add_auto_header("Sec-Fetch-Site") started  	[MsgId: MMSG-26355]
Action.c(51): web_add_auto_header("Sec-Fetch-Site") was successful  	[MsgId: MMSG-26392]
Action.c(54): lr_think_time: 47.00 seconds.	[MsgId: MMSG-15948]
Action.c(56): web_url("Enter the Store") started  	[MsgId: MMSG-26355]
Action.c(56): Notify: Transaction "JPetstore_SC01_TS02_EnterStore" ended with a "Stop" status (Duration: 59.9103 Think Time: 47.0115 Wasted Time: 0.0000).	[MsgId: MMSG-16870]
Abort was called from an action.	[MsgId: MMSG-10447]
Ending Vuser...	[MsgId: MMSG-15966]
Starting action vuser_end.	[MsgId: MMSG-15919]
Ending action vuser_end.	[MsgId: MMSG-15918]
Vuser Terminated.	[MsgId: MMSG-15963]
Action.c(56): Error -27760: Request "https://petstore.octoperf.com/actions/Catalog.action" failed  	[MsgId: MERR-27760]
Action.c(49): Previous automatically added web header for "Upgrade-Insecure-Requests" removed  	[MsgId: MMSG-26587]
Action.c(49): web_remove/revert_auto_header("Upgrade-Insecure-Requests") was successful  	[MsgId: MMSG-26392]
Action.c(51): web_add_auto_header("Sec-Fetch-Site") started  	[MsgId: MMSG-26355]
Action.c(51): web_add_auto_header("Sec-Fetch-Site") was successful  	[MsgId: MMSG-26392]
Action.c(54): lr_think_time: 47.00 seconds.	[MsgId: MMSG-15948]
Action.c(56): web_url("Enter the Store") started  	[MsgId: MMSG-26355]
Action.c(56): Notify: Transaction "JPetstore_SC01_TS02_EnterStore" ended with a "Stop" status (Duration: 68.7717 Think Time: 47.0120 Wasted Time: 0.0000).	[MsgId: MMSG-16870]
Abort was called from an action.	[MsgId: MMSG-10447]
Ending Vuser...	[MsgId: MMSG-15966]
Starting action vuser_end.	[MsgId: MMSG-15919]
Ending action vuser_end.	[MsgId: MMSG-15918]
Vuser Terminated.	[MsgId: MMSG-15963]
Action.c(56): Error -27760: Request "https://petstore.octoperf.com/actions/Catalog.action" failed  	[MsgId: MERR-27760]
Action.c(49): Previous automatically added web header for "Upgrade-Insecure-Requests" removed  	[MsgId: MMSG-26587]
Action.c(49): web_remove/revert_auto_header("Upgrade-Insecure-Requests") was successful  	[MsgId: MMSG-26392]
Action.c(51): web_add_auto_header("Sec-Fetch-Site") started  	[MsgId: MMSG-26355]
Action.c(51): web_add_auto_header("Sec-Fetch-Site") was successful  	[MsgId: MMSG-26392]
Action.c(54): lr_think_time: 47.00 seconds.	[MsgId: MMSG-15948]
Action.c(56): web_url("Enter the Store") started  	[MsgId: MMSG-26355]
Action.c(56): Notify: Transaction "JPetstore_SC01_TS02_EnterStore" ended with a "Stop" status (Duration: 60.5642 Think Time: 47.0030 Wasted Time: 0.0000).	[MsgId: MMSG-16870]
Abort was called from an action.	[MsgId: MMSG-10447]
Ending Vuser...	[MsgId: MMSG-15966]
Starting action vuser_end.	[MsgId: MMSG-15919]
Ending action vuser_end.	[MsgId: MMSG-15918]
Vuser Terminated.	[MsgId: MMSG-15963]
Action.c(56): Error -27760: Request "https://petstore.octoperf.com/actions/Catalog.action" failed  	[MsgId: MERR-27760]
Action.c(49): Previous automatically added web header for "Upgrade-Insecure-Requests" removed  	[MsgId: MMSG-26587]
Action.c(49): web_remove/revert_auto_header("Upgrade-Insecure-Requests") was successful  	[MsgId: MMSG-26392]
Action.c(51): web_add_auto_header("Sec-Fetch-Site") started  	[MsgId: MMSG-26355]
Action.c(51): web_add_auto_header("Sec-Fetch-Site") was successful  	[MsgId: MMSG-26392]
Action.c(54): lr_think_time: 47.00 seconds.	[MsgId: MMSG-15948]
Action.c(56): web_url("Enter the Store") started  	[MsgId: MMSG-26355]
Action.c(56): Notify: Transaction "JPetstore_SC01_TS02_EnterStore" ended with a "Stop" status (Duration: 68.4081 Think Time: 47.0014 Wasted Time: 0.0000).	[MsgId: MMSG-16870]
Abort was called from an action.	[MsgId: MMSG-10447]
Ending Vuser...	[MsgId: MMSG-15966]
Starting action vuser_end.	[MsgId: MMSG-15919]
Ending action vuser_end.	[MsgId: MMSG-15918]
Vuser Terminated.	[MsgId: MMSG-15963]
Action.c(56): Error -27760: Request "https://petstore.octoperf.com/actions/Catalog.action" failed  	[MsgId: MERR-27760]
Action.c(49): Previous automatically added web header for "Upgrade-Insecure-Requests" removed  	[MsgId: MMSG-26587]
Action.c(49): web_remove/revert_auto_header("Upgrade-Insecure-Requests") was successful  	[MsgId: MMSG-26392]
Action.c(51): web_add_auto_header("Sec-Fetch-Site") started  	[MsgId: MMSG-26355]
Action.c(51): web_add_auto_header("Sec-Fetch-Site") was successful  	[MsgId: MMSG-26392]
Action.c(54): lr_think_time: 47.00 seconds.	[MsgId: MMSG-15948]
Action.c(56): web_url("Enter the Store") started  	[MsgId: MMSG-26355]
Action.c(56): Notify: Transaction "JPetstore_SC01_TS02_EnterStore" ended with a "Stop" status (Duration: 68.7709 Think Time: 47.0117 Wasted Time: 0.0000).	[MsgId: MMSG-16870]
Abort was called from an action.	[MsgId: MMSG-10447]
Ending Vuser...	[MsgId: MMSG-15966]
Starting action vuser_end.	[MsgId: MMSG-15919]
Ending action vuser_end.	[MsgId: MMSG-15918]
Vuser Terminated.	[MsgId: MMSG-15963]
Action.c(56): Error -27760: Request "https://petstore.octoperf.com/actions/Catalog.action" failed  	[MsgId: MERR-27760]
